{
  "RSpec": {
    "coverage": {
      "/Users/jonan/Dropbox/hungry_academy/my_son_of_store_engine/config/environment.rb": [
        null,
        1,
        null,
        null,
        1
      ],
      "/Users/jonan/Dropbox/hungry_academy/my_son_of_store_engine/config/application.rb": [
        1,
        null,
        null,
        1,
        1,
        1,
        1,
        1,
        null,
        null,
        1,
        null,
        1,
        null,
        null,
        null,
        null,
        1,
        1,
        null,
        null,
        null,
        null,
        null,
        null,
        null,
        null,
        null,
        null,
        null,
        null,
        null,
        null,
        null,
        null,
        null,
        null,
        null,
        null,
        null,
        null,
        null,
        1,
        null,
        null,
        1,
        null,
        null,
        null,
        null,
        null,
        null,
        null,
        null,
        null,
        null,
        1,
        null,
        null,
        1,
        null,
        null,
        1,
        null,
        1,
        null,
        null,
        null
      ],
      "/Users/jonan/Dropbox/hungry_academy/my_son_of_store_engine/config/boot.rb": [
        1,
        null,
        null,
        1,
        null,
        1
      ],
      "/Users/jonan/Dropbox/hungry_academy/my_son_of_store_engine/config/environments/test.rb": [
        1,
        null,
        null,
        null,
        null,
        null,
        null,
        1,
        null,
        null,
        1,
        1,
        null,
        null,
        1,
        null,
        null,
        1,
        1,
        null,
        null,
        1,
        null,
        null,
        1,
        null,
        null,
        null,
        null,
        1,
        null,
        null,
        1,
        null,
        null,
        1,
        null
      ],
      "/Users/jonan/Dropbox/hungry_academy/my_son_of_store_engine/config/initializers/backtrace_silencers.rb": [
        null,
        null,
        null,
        null,
        null,
        null,
        null
      ],
      "/Users/jonan/Dropbox/hungry_academy/my_son_of_store_engine/config/initializers/devise.rb": [
        null,
        null,
        1,
        null,
        null,
        null,
        1,
        null,
        null,
        null,
        null,
        null,
        1,
        null,
        null,
        null,
        null,
        null,
        1,
        null,
        null,
        null,
        null,
        null,
        null,
        null,
        null,
        null,
        null,
        null,
        null,
        null,
        null,
        null,
        null,
        null,
        null,
        null,
        null,
        null,
        1,
        null,
        null,
        null,
        null,
        1,
        null,
        null,
        null,
        null,
        null,
        null,
        null,
        null,
        null,
        null,
        null,
        null,
        null,
        null,
        null,
        null,
        null,
        null,
        null,
        null,
        null,
        null,
        null,
        null,
        null,
        null,
        null,
        null,
        null,
        1,
        null,
        null,
        null,
        null,
        null,
        null,
        null,
        null,
        1,
        null,
        null,
        null,
        null,
        null,
        null,
        null,
        null,
        null,
        null,
        null,
        null,
        null,
        null,
        null,
        null,
        1,
        null,
        null,
        null,
        null,
        null,
        null,
        null,
        null,
        null,
        null,
        null,
        null,
        null,
        1,
        null,
        null,
        null,
        null,
        null,
        null,
        null,
        null,
        null,
        null,
        null,
        null,
        null,
        null,
        null,
        null,
        null,
        null,
        null,
        null,
        null,
        null,
        null,
        null,
        null,
        null,
        null,
        null,
        null,
        null,
        null,
        null,
        null,
        null,
        null,
        null,
        null,
        null,
        null,
        null,
        null,
        null,
        null,
        null,
        null,
        null,
        null,
        null,
        null,
        null,
        1,
        null,
        null,
        null,
        null,
        null,
        null,
        null,
        null,
        null,
        null,
        null,
        null,
        null,
        null,
        null,
        null,
        null,
        null,
        null,
        null,
        null,
        null,
        null,
        null,
        null,
        null,
        null,
        null,
        null,
        null,
        null,
        null,
        null,
        null,
        null,
        null,
        null,
        null,
        null,
        null,
        1,
        null,
        null,
        null,
        null,
        null,
        null,
        null,
        null,
        null,
        null,
        null,
        null,
        null,
        null,
        null
      ],
      "/Users/jonan/Dropbox/hungry_academy/my_son_of_store_engine/config/initializers/inflections.rb": [
        null,
        null,
        null,
        null,
        null,
        null,
        null,
        null,
        null,
        null,
        null,
        null,
        null,
        null,
        null
      ],
      "/Users/jonan/Dropbox/hungry_academy/my_son_of_store_engine/config/initializers/mime_types.rb": [
        null,
        null,
        null,
        null,
        null
      ],
      "/Users/jonan/Dropbox/hungry_academy/my_son_of_store_engine/config/initializers/secret_token.rb": [
        null,
        null,
        null,
        null,
        null,
        null,
        1
      ],
      "/Users/jonan/Dropbox/hungry_academy/my_son_of_store_engine/config/initializers/session_store.rb": [
        null,
        null,
        1,
        null,
        null,
        null,
        null,
        null
      ],
      "/Users/jonan/Dropbox/hungry_academy/my_son_of_store_engine/config/initializers/silent_assets.rb": [
        1,
        1,
        1,
        328,
        328,
        328,
        328,
        null,
        null,
        1,
        null
      ],
      "/Users/jonan/Dropbox/hungry_academy/my_son_of_store_engine/config/initializers/wrap_parameters.rb": [
        null,
        null,
        null,
        null,
        null,
        null,
        1,
        1,
        null,
        null,
        null,
        1,
        1,
        null
      ],
      "/Users/jonan/Dropbox/hungry_academy/my_son_of_store_engine/config/routes.rb": [
        1,
        1,
        null,
        1,
        1,
        1,
        1,
        1,
        null,
        1,
        1,
        1,
        1,
        1,
        null,
        1,
        1,
        1,
        1,
        1,
        1,
        null,
        1,
        null,
        null,
        1,
        null
      ],
      "/Users/jonan/Dropbox/hungry_academy/my_son_of_store_engine/app/models/user.rb": [
        null,
        null,
        null,
        null,
        null,
        null,
        null,
        null,
        null,
        null,
        null,
        null,
        null,
        null,
        null,
        null,
        null,
        null,
        null,
        null,
        null,
        null,
        null,
        1,
        null,
        null,
        null,
        1,
        null,
        null,
        1,
        null,
        null,
        null,
        null,
        null,
        null,
        1,
        1,
        1,
        null,
        1,
        1,
        1,
        1,
        1,
        null,
        null,
        null,
        null,
        1,
        217,
        null,
        null,
        1,
        28,
        28,
        28,
        null,
        null,
        1,
        8,
        8,
        null,
        null,
        1,
        8,
        8,
        null,
        null,
        1,
        8,
        8,
        null,
        8,
        8,
        8,
        null,
        null
      ],
      "/Users/jonan/Dropbox/hungry_academy/my_son_of_store_engine/app/controllers/application_controller.rb": [
        null,
        1,
        1,
        1,
        null,
        1,
        329,
        78,
        null,
        null,
        null
      ],
      "/Users/jonan/Dropbox/hungry_academy/my_son_of_store_engine/app/helpers/application_helper.rb": [
        1,
        null
      ],
      "/Users/jonan/Dropbox/hungry_academy/my_son_of_store_engine/app/helpers/admin/categories_helper.rb": [
        1,
        null
      ],
      "/Users/jonan/Dropbox/hungry_academy/my_son_of_store_engine/app/helpers/admin/dashboards_helper.rb": [
        1,
        null
      ],
      "/Users/jonan/Dropbox/hungry_academy/my_son_of_store_engine/app/helpers/admin/order_items_helper.rb": [
        1,
        null
      ],
      "/Users/jonan/Dropbox/hungry_academy/my_son_of_store_engine/app/helpers/admin/orders_helper.rb": [
        1,
        null
      ],
      "/Users/jonan/Dropbox/hungry_academy/my_son_of_store_engine/app/helpers/admin/products_helper.rb": [
        1,
        null
      ],
      "/Users/jonan/Dropbox/hungry_academy/my_son_of_store_engine/app/helpers/cart_items_helper.rb": [
        1,
        null
      ],
      "/Users/jonan/Dropbox/hungry_academy/my_son_of_store_engine/app/helpers/carts_helper.rb": [
        1,
        null
      ],
      "/Users/jonan/Dropbox/hungry_academy/my_son_of_store_engine/app/helpers/categories_helper.rb": [
        1,
        null
      ],
      "/Users/jonan/Dropbox/hungry_academy/my_son_of_store_engine/app/helpers/orders_helper.rb": [
        1,
        null
      ],
      "/Users/jonan/Dropbox/hungry_academy/my_son_of_store_engine/app/helpers/products_helper.rb": [
        1,
        null
      ],
      "/Users/jonan/Dropbox/hungry_academy/my_son_of_store_engine/app/helpers/sessions_helper.rb": [
        1,
        null
      ],
      "/Users/jonan/Dropbox/hungry_academy/my_son_of_store_engine/app/helpers/users_helper.rb": [
        1,
        null
      ],
      "/Users/jonan/Dropbox/hungry_academy/my_son_of_store_engine/app/controllers/admin/application_controller.rb": [
        null,
        1,
        1,
        1,
        null,
        1,
        74,
        74,
        null,
        null
      ],
      "/Users/jonan/Dropbox/hungry_academy/my_son_of_store_engine/app/controllers/admin/categories_controller.rb": [
        null,
        1,
        1,
        1,
        null,
        null,
        1,
        1,
        1,
        null,
        null,
        1,
        2,
        2,
        2,
        null,
        null,
        1,
        1,
        null,
        null,
        1,
        1,
        1,
        null,
        null,
        1,
        8,
        null,
        null
      ],
      "/Users/jonan/Dropbox/hungry_academy/my_son_of_store_engine/app/models/category.rb": [
        null,
        null,
        null,
        null,
        null,
        null,
        null,
        null,
        null,
        null,
        null,
        null,
        1,
        1,
        1,
        1,
        null,
        1,
        3,
        null,
        null
      ],
      "/Users/jonan/Dropbox/hungry_academy/my_son_of_store_engine/app/controllers/admin/dashboards_controller.rb": [
        null,
        1,
        1,
        19,
        19,
        null,
        19,
        null,
        19,
        1,
        null,
        18,
        null,
        null,
        null
      ],
      "/Users/jonan/Dropbox/hungry_academy/my_son_of_store_engine/app/controllers/admin/orders_controller.rb": [
        null,
        1,
        1,
        5,
        null,
        null,
        1,
        13,
        null,
        null,
        1,
        4,
        null,
        null,
        1,
        5,
        5,
        null,
        null,
        1,
        1,
        1,
        1,
        null,
        null
      ],
      "/Users/jonan/Dropbox/hungry_academy/my_son_of_store_engine/app/models/order.rb": [
        null,
        null,
        null,
        null,
        null,
        null,
        null,
        null,
        null,
        null,
        null,
        null,
        null,
        1,
        1,
        null,
        1,
        1,
        1,
        1,
        1,
        null,
        1,
        null,
        1,
        19,
        19,
        112,
        null,
        19,
        null,
        null,
        1,
        39,
        null,
        null,
        1,
        10,
        11,
        10,
        10,
        null,
        null,
        1,
        59,
        10,
        null,
        49,
        null,
        null,
        null,
        1,
        10,
        10,
        null,
        null,
        1,
        109,
        null,
        null,
        1,
        55,
        55,
        null,
        null,
        1,
        1,
        1,
        null,
        null,
        1,
        94,
        null,
        null,
        1,
        8,
        8,
        null,
        null
      ],
      "/Users/jonan/Dropbox/hungry_academy/my_son_of_store_engine/app/controllers/admin/products_controller.rb": [
        null,
        1,
        1,
        12,
        null,
        null,
        1,
        3,
        3,
        null,
        null,
        1,
        1,
        null,
        null,
        1,
        1,
        1,
        null,
        null,
        1,
        1,
        1,
        null,
        null,
        1,
        1,
        1,
        null,
        null,
        1,
        1,
        1,
        1,
        1,
        null,
        null
      ],
      "/Users/jonan/Dropbox/hungry_academy/my_son_of_store_engine/app/models/product.rb": [
        null,
        null,
        null,
        null,
        null,
        null,
        null,
        null,
        null,
        null,
        null,
        null,
        null,
        null,
        null,
        1,
        1,
        1,
        1,
        1,
        1,
        1,
        null,
        1,
        1,
        1,
        null,
        null,
        null,
        null,
        null,
        null,
        1,
        2,
        null,
        null,
        1,
        95,
        null,
        null,
        1,
        430,
        null,
        null,
        1,
        1,
        1,
        null,
        null,
        1,
        23,
        null,
        null
      ],
      "/Users/jonan/Dropbox/hungry_academy/my_son_of_store_engine/app/controllers/cart_items_controller.rb": [
        null,
        1,
        1,
        1,
        1,
        1,
        1,
        null,
        null
      ],
      "/Users/jonan/Dropbox/hungry_academy/my_son_of_store_engine/app/controllers/carts_controller.rb": [
        null,
        1,
        1,
        1,
        null,
        1,
        null,
        null,
        1,
        14,
        3,
        3,
        null,
        11,
        null,
        14,
        null,
        null,
        1,
        56,
        null,
        null,
        1,
        10,
        10,
        10,
        null,
        null
      ],
      "/Users/jonan/Dropbox/hungry_academy/my_son_of_store_engine/app/models/cart.rb": [
        null,
        null,
        null,
        null,
        null,
        null,
        null,
        null,
        null,
        null,
        null,
        null,
        null,
        1,
        1,
        12,
        null,
        null
      ],
      "/Users/jonan/Dropbox/hungry_academy/my_son_of_store_engine/app/controllers/categories_controller.rb": [
        null,
        1,
        1,
        3,
        3,
        3,
        null,
        null,
        1,
        2,
        null,
        null
      ],
      "/Users/jonan/Dropbox/hungry_academy/my_son_of_store_engine/app/controllers/orders_controller.rb": [
        null,
        1,
        1,
        11,
        11,
        11,
        null,
        null,
        1,
        1,
        1,
        null,
        null
      ],
      "/Users/jonan/Dropbox/hungry_academy/my_son_of_store_engine/app/controllers/products_controller.rb": [
        null,
        1,
        1,
        54,
        null,
        null,
        1,
        14,
        null,
        null
      ],
      "/Users/jonan/Dropbox/hungry_academy/my_son_of_store_engine/app/controllers/users_controller.rb": [
        null,
        1,
        1,
        8,
        8,
        8,
        null,
        null
      ],
      "/Users/jonan/Dropbox/hungry_academy/my_son_of_store_engine/app/models/ability.rb": [
        null,
        1,
        1,
        null,
        1,
        null,
        null
      ],
      "/Users/jonan/Dropbox/hungry_academy/my_son_of_store_engine/app/models/address.rb": [
        null,
        null,
        null,
        null,
        null,
        null,
        null,
        null,
        null,
        null,
        null,
        null,
        null,
        null,
        null,
        1,
        1,
        null
      ],
      "/Users/jonan/Dropbox/hungry_academy/my_son_of_store_engine/app/models/credit_card.rb": [
        null,
        null,
        null,
        null,
        null,
        null,
        null,
        null,
        null,
        null,
        null,
        null,
        null,
        null,
        1,
        1,
        null
      ],
      "/Users/jonan/Dropbox/hungry_academy/my_son_of_store_engine/app/models/order_item.rb": [
        1,
        null,
        null,
        null,
        null,
        null,
        null,
        null,
        null,
        null,
        null,
        null,
        null,
        null,
        null,
        1,
        1,
        null,
        1,
        1,
        null,
        1,
        null,
        1,
        266,
        null,
        null,
        1,
        49,
        null,
        null,
        1,
        null
      ],
      "/Users/jonan/Dropbox/hungry_academy/my_son_of_store_engine/app/models/product_category.rb": [
        1,
        null,
        null,
        null,
        null,
        null,
        null,
        null,
        null,
        null,
        null,
        null,
        null,
        null,
        1,
        1,
        null,
        1,
        1,
        null,
        1,
        null,
        1,
        null
      ],
      "/Users/jonan/Dropbox/hungry_academy/my_son_of_store_engine/spec/support/user_spec_helper.rb": [
        1,
        1,
        1,
        null,
        1,
        1,
        1,
        1,
        null,
        null,
        1,
        2,
        2,
        2,
        null,
        null,
        1,
        2,
        2,
        2,
        2,
        null,
        2,
        null,
        null,
        null,
        1,
        44,
        null,
        44,
        44,
        null,
        44,
        null,
        null,
        1,
        8,
        8,
        8,
        8,
        8,
        null,
        null,
        1,
        8,
        8,
        8,
        8,
        null,
        null,
        1,
        null,
        null,
        null,
        null,
        null,
        null,
        null,
        null,
        null,
        null,
        8,
        null,
        null
      ],
      "/Users/jonan/Dropbox/hungry_academy/my_son_of_store_engine/spec/controllers/admin/dashboards_controller_spec.rb": [
        1,
        null,
        1,
        null,
        null
      ],
      "/Users/jonan/Dropbox/hungry_academy/my_son_of_store_engine/spec/models/address_spec.rb": [
        null,
        null,
        null,
        null,
        null,
        null,
        null,
        null,
        null,
        null,
        null,
        null,
        null,
        null,
        1,
        null,
        1,
        null
      ],
      "/Users/jonan/Dropbox/hungry_academy/my_son_of_store_engine/spec/models/cart_spec.rb": [
        null,
        null,
        null,
        null,
        null,
        null,
        null,
        null,
        null,
        null,
        null,
        null,
        1,
        null,
        1,
        2,
        2,
        null,
        1,
        1,
        1,
        1,
        null,
        null,
        null
      ],
      "/Users/jonan/Dropbox/hungry_academy/my_son_of_store_engine/spec/models/category_spec.rb": [
        null,
        null,
        null,
        null,
        null,
        null,
        null,
        null,
        null,
        null,
        null,
        1,
        null,
        1,
        2,
        2,
        null,
        1,
        1,
        1,
        1,
        null,
        null,
        null
      ],
      "/Users/jonan/Dropbox/hungry_academy/my_son_of_store_engine/spec/models/credit_card_spec.rb": [
        null,
        null,
        null,
        null,
        null,
        null,
        null,
        null,
        null,
        null,
        null,
        null,
        null,
        1,
        null,
        1,
        null
      ],
      "/Users/jonan/Dropbox/hungry_academy/my_son_of_store_engine/spec/models/order_items_spec.rb": [
        1,
        null,
        1,
        null
      ],
      "/Users/jonan/Dropbox/hungry_academy/my_son_of_store_engine/spec/models/order_spec.rb": [
        null,
        null,
        null,
        null,
        null,
        null,
        null,
        null,
        null,
        null,
        null,
        null,
        1,
        null,
        1,
        6,
        6,
        null,
        1,
        5,
        5,
        5,
        null,
        null,
        1,
        1,
        1,
        null,
        null,
        null,
        1,
        1,
        1,
        null,
        null,
        null,
        1,
        1,
        1,
        null,
        null,
        null,
        1,
        1,
        1,
        null,
        null,
        1,
        1,
        null,
        null,
        null
      ],
      "/Users/jonan/Dropbox/hungry_academy/my_son_of_store_engine/spec/models/product_category_spec.rb": [
        null,
        null,
        null,
        null,
        null,
        null,
        null,
        null,
        null,
        null,
        null,
        1,
        null,
        1,
        null,
        null
      ],
      "/Users/jonan/Dropbox/hungry_academy/my_son_of_store_engine/spec/models/product_spec.rb": [
        null,
        null,
        null,
        null,
        null,
        null,
        null,
        null,
        null,
        null,
        null,
        null,
        null,
        null,
        1,
        null,
        1,
        6,
        null,
        1,
        1,
        1,
        null,
        null,
        1,
        1,
        1,
        null,
        null,
        1,
        1,
        1,
        null,
        null,
        1,
        1,
        1,
        null,
        null,
        1,
        1,
        1,
        null,
        null
      ],
      "/Users/jonan/Dropbox/hungry_academy/my_son_of_store_engine/spec/models/user_spec.rb": [
        null,
        null,
        null,
        null,
        null,
        null,
        null,
        null,
        null,
        null,
        null,
        null,
        null,
        null,
        null,
        null,
        null,
        null,
        null,
        null,
        null,
        null,
        1,
        null,
        1,
        6,
        null,
        1,
        1,
        1,
        null,
        null,
        1,
        1,
        1,
        null,
        null,
        1,
        1,
        1,
        null,
        null,
        1,
        null,
        null,
        1,
        1,
        1,
        null,
        null,
        1,
        1,
        1,
        null,
        null
      ],
      "/Users/jonan/Dropbox/hungry_academy/my_son_of_store_engine/spec/requests/admin_user_requests_spec.rb": [
        1,
        null,
        1,
        13,
        1,
        5,
        null,
        1,
        1,
        null,
        null,
        1,
        13,
        13,
        13,
        1,
        null,
        12,
        null,
        null,
        null,
        null,
        null,
        1,
        12,
        12,
        null,
        null,
        1,
        1,
        4,
        4,
        4,
        null,
        null,
        1,
        1,
        null,
        1,
        null,
        1,
        1,
        2,
        null,
        null,
        1,
        1,
        1,
        1,
        1,
        null,
        null,
        1,
        1,
        1,
        null,
        null,
        1,
        1,
        1,
        1,
        null,
        null,
        null,
        1,
        1,
        3,
        null,
        null,
        1,
        1,
        1,
        1,
        1,
        null,
        null,
        1,
        1,
        1,
        1,
        1,
        null,
        null,
        1,
        1,
        1,
        1,
        1,
        null,
        null,
        null,
        1,
        1,
        1,
        1,
        1,
        1,
        null,
        null,
        1,
        1,
        1,
        1,
        1,
        1,
        1,
        1,
        null,
        null,
        1,
        1,
        1,
        1,
        1,
        1,
        1,
        null,
        null,
        1,
        1,
        1,
        1,
        1,
        1,
        null,
        null,
        1,
        1,
        1,
        1,
        1,
        1,
        1,
        1,
        null,
        null,
        null,
        null,
        null
      ],
      "/Users/jonan/Dropbox/hungry_academy/my_son_of_store_engine/spec/requests/cart_requests_spec.rb": [
        1,
        null,
        1,
        20,
        10,
        3,
        12,
        null,
        1,
        1,
        1,
        9,
        9,
        9,
        null,
        null,
        1,
        1,
        1,
        null,
        null,
        1,
        1,
        1,
        1,
        2,
        null,
        null,
        1,
        1,
        7,
        null,
        null,
        1,
        1,
        1,
        1,
        2,
        null,
        null,
        1,
        1,
        1,
        1,
        2,
        null,
        null,
        1,
        1,
        1,
        1,
        2,
        null,
        null,
        1,
        1,
        1,
        1,
        1,
        null,
        null,
        1,
        1,
        1,
        1,
        1,
        null,
        null,
        1,
        1,
        2,
        2,
        null,
        null,
        1,
        1,
        null,
        null,
        1,
        1,
        null,
        null,
        null,
        null,
        null,
        null,
        1,
        1,
        2,
        2,
        null,
        null,
        1,
        1,
        1,
        1,
        null,
        null,
        null,
        1,
        1,
        null,
        null,
        null,
        1,
        1,
        2,
        2,
        2,
        null,
        null,
        1,
        1,
        1,
        1,
        null,
        null,
        null,
        1,
        1,
        null,
        null,
        null,
        1,
        1,
        1,
        1,
        null,
        null,
        1,
        1,
        1,
        null,
        null,
        1,
        1,
        1,
        null,
        null,
        null,
        1,
        1,
        1,
        1,
        1,
        null,
        null,
        1,
        1,
        1,
        1,
        null,
        null,
        1,
        1,
        1,
        1,
        null,
        null,
        null,
        1,
        1,
        1,
        1,
        1,
        null,
        null,
        1,
        1,
        null,
        null,
        null,
        1,
        1,
        3,
        3,
        3,
        3,
        3,
        3,
        null,
        null,
        1,
        1,
        null,
        null,
        1,
        1,
        null,
        null,
        1,
        1,
        null,
        null,
        null
      ],
      "/Users/jonan/Dropbox/hungry_academy/my_son_of_store_engine/spec/requests/category_request_spec.rb": [
        1,
        null,
        1,
        3,
        3,
        null,
        1,
        1,
        1,
        1,
        1,
        null,
        null,
        null,
        1,
        1,
        1,
        1,
        1,
        null,
        null,
        null
      ],
      "/Users/jonan/Dropbox/hungry_academy/my_son_of_store_engine/spec/requests/dashboard_requests_spec.rb": [
        1,
        null,
        1,
        15,
        15,
        1,
        15,
        15,
        15,
        15,
        15,
        15,
        9,
        null,
        1,
        14,
        14,
        14,
        14,
        null,
        null,
        1,
        1,
        6,
        null,
        1,
        1,
        null,
        null,
        1,
        1,
        null,
        null,
        1,
        1,
        1,
        1,
        null,
        null,
        1,
        1,
        1,
        1,
        1,
        null,
        null,
        1,
        1,
        1,
        1,
        null,
        null,
        1,
        1,
        1,
        1,
        null,
        null,
        1,
        1,
        8,
        8,
        8,
        null,
        null,
        1,
        1,
        null,
        null,
        1,
        1,
        1,
        1,
        1,
        1,
        null,
        null,
        1,
        1,
        null,
        null,
        1,
        1,
        null,
        null,
        1,
        1,
        1,
        null,
        null,
        1,
        1,
        null,
        null,
        1,
        1,
        null,
        null,
        1,
        1,
        null,
        null,
        null,
        null,
        null
      ],
      "/Users/jonan/Dropbox/hungry_academy/my_son_of_store_engine/spec/requests/orders_requests_spec.rb": [
        1,
        null,
        1,
        1,
        1,
        3,
        3,
        3,
        3,
        3,
        3,
        3,
        3,
        null,
        null,
        1,
        1,
        1,
        5,
        null,
        null,
        null,
        1,
        1,
        1,
        5,
        null,
        null,
        null,
        1,
        1,
        1,
        5,
        null,
        null,
        null,
        null
      ],
      "/Users/jonan/Dropbox/hungry_academy/my_son_of_store_engine/spec/requests/products_requests_spec.rb": [
        1,
        null,
        1,
        1,
        null,
        5,
        null,
        null,
        null,
        null,
        3,
        3,
        null,
        1,
        1,
        3,
        null,
        null,
        1,
        1,
        3,
        null,
        null,
        null,
        1,
        1,
        3,
        null,
        null,
        null,
        1,
        1,
        3,
        null,
        null,
        null,
        null,
        1,
        1,
        2,
        2,
        null,
        null,
        1,
        1,
        1,
        null,
        null,
        1,
        1,
        null,
        null,
        null
      ],
      "/Users/jonan/Dropbox/hungry_academy/my_son_of_store_engine/spec/requests/user_requests_spec.rb": [
        1,
        null,
        1,
        10,
        3,
        1,
        null,
        1,
        1,
        null,
        null,
        1,
        1,
        1,
        1,
        null,
        null,
        1,
        1,
        1,
        null,
        null,
        1,
        1,
        1,
        1,
        null,
        null,
        1,
        1,
        null,
        1,
        1,
        null,
        null,
        1,
        1,
        2,
        2,
        2,
        null,
        null,
        1,
        1,
        1,
        null,
        null,
        1,
        1,
        1,
        1,
        1,
        1,
        1,
        null,
        null,
        null,
        1,
        1,
        1,
        1,
        1,
        null,
        null,
        null,
        1,
        1,
        1,
        1,
        1,
        1,
        1,
        1,
        null,
        null,
        null,
        1,
        1,
        1,
        1,
        null,
        1,
        1,
        1,
        null,
        null,
        null,
        1,
        1,
        1,
        null,
        null,
        1,
        1,
        1,
        null,
        1,
        1,
        1,
        null,
        null,
        null,
        null
      ],
      "/Users/jonan/Dropbox/hungry_academy/my_son_of_store_engine/spec/fabricators/address_fabricator.rb": [
        null,
        null,
        null,
        null,
        null,
        null,
        null,
        null,
        null,
        null,
        null,
        null,
        null,
        null,
        1,
        1,
        1,
        1,
        1,
        null
      ],
      "/Users/jonan/Dropbox/hungry_academy/my_son_of_store_engine/spec/fabricators/cart_fabricator.rb": [
        null,
        null,
        null,
        null,
        null,
        null,
        null,
        null,
        null,
        null,
        null,
        null,
        1
      ],
      "/Users/jonan/Dropbox/hungry_academy/my_son_of_store_engine/spec/fabricators/category_fabricator.rb": [
        null,
        null,
        null,
        null,
        null,
        null,
        null,
        null,
        null,
        null,
        null,
        1,
        20,
        null
      ],
      "/Users/jonan/Dropbox/hungry_academy/my_son_of_store_engine/spec/fabricators/order_fabricator.rb": [
        null,
        null,
        null,
        null,
        null,
        null,
        null,
        null,
        null,
        null,
        null,
        null,
        1,
        1,
        1,
        null
      ],
      "/Users/jonan/Dropbox/hungry_academy/my_son_of_store_engine/spec/fabricators/product_fabricator.rb": [
        null,
        null,
        null,
        null,
        null,
        null,
        null,
        null,
        null,
        null,
        null,
        null,
        null,
        null,
        1,
        92,
        92,
        92,
        92,
        null
      ],
      "/Users/jonan/Dropbox/hungry_academy/my_son_of_store_engine/spec/fabricators/user_fabricator.rb": [
        null,
        null,
        null,
        null,
        null,
        null,
        null,
        null,
        null,
        null,
        null,
        null,
        null,
        null,
        null,
        null,
        null,
        null,
        null,
        null,
        null,
        null,
        1,
        1,
        1,
        1,
        1,
        null
      ]
    },
    "timestamp": 1335291675
  }
}
